-------------------------------------------------------------------------------
Test set: MainMutantNeechivalent1Test
-------------------------------------------------------------------------------
Tests run: 3, Failures: 3, Errors: 0, Skipped: 0, Time elapsed: 0.005 s <<< FAILURE! - in MainMutantNeechivalent1Test
boundaries  Time elapsed: 0.002 s  <<< FAILURE!
org.opentest4j.AssertionFailedError: array lengths differ, expected: <2> but was: <1>
	at MainMutantNeechivalent1Test.boundaries(MainMutantNeechivalent1Test.java:65)

equivalence  Time elapsed: 0.001 s  <<< FAILURE!
org.opentest4j.AssertionFailedError: array lengths differ, expected: <2> but was: <1>
	at MainMutantNeechivalent1Test.equivalence(MainMutantNeechivalent1Test.java:43)

causeEffectGraphing  Time elapsed: 0.001 s  <<< FAILURE!
org.opentest4j.AssertionFailedError: array lengths differ, expected: <2> but was: <1>
	at MainMutantNeechivalent1Test.causeEffectGraphing(MainMutantNeechivalent1Test.java:86)

